<?xml version="1.0" encoding="UTF-8"?>
<!-- Generated by org.testng.reporters.JUnitReportReporter -->
<testsuite hostname="DESKTOP-0EJ8PRH" failures="0" tests="1" name="script.Test3" time="8.586" errors="0" timestamp="2025-02-11T08:00:30 IST" skipped="0">
  <testcase classname="script.Test3" name="testB" time="8.586">
    <system-out>
      <![CDATA[Google]]>
    </system-out>
  </testcase> <!-- testB -->
  <system-out>
    <![CDATA[Open Chrome Browser in Local System
Enter the URL
Maximize the Browser
Set ITO
Set ETO
Google
Close the Browser]]>
  </system-out>
</testsuite> <!-- script.Test3 -->
