<?xml version="1.0" encoding="UTF-8"?>
<!-- Generated by org.testng.reporters.JUnitReportReporter -->
<testsuite hostname="DESKTOP-0EJ8PRH" failures="0" tests="1" name="script.InvalidLogin" time="7.796" errors="0" timestamp="2025-02-12T08:45:34 IST" skipped="0">
  <testcase classname="script.InvalidLogin" name="testInvalidLogin" time="7.796">
    <system-out>
      <![CDATA[Error Msg is Displayed]]>
    </system-out>
  </testcase> <!-- testInvalidLogin -->
  <system-out>
    <![CDATA[Open Chrome Browser in Local System
Enter the URL:https://pos.aksharatraining.in/pos/public
Maximize the Browser
Set ITO
Set ETO
Error Msg is Displayed
Close the Browser]]>
  </system-out>
</testsuite> <!-- script.InvalidLogin -->
